<?xml version="1.0" encoding="UTF-8"?>
<!-- Generated by org.testng.reporters.JUnitXMLReporter -->
<testsuite ignored="0" hostname="DESKTOP-A0EP5CS" failures="0" tests="3" name="Surefire test" time="78.056" errors="0" timestamp="2024-04-25T14:23:56 IST">
  <testcase classname="com.example.AppTest" name="testCase1" time="0.013"/>
  <testcase classname="com.example.AppTest" name="testCase2" time="13.252"/>
  <testcase classname="com.example.AppTest" name="testCase3" time="10.573"/>
</testsuite> <!-- Surefire test -->
