<?xml version="1.0" encoding="UTF-8"?>
<testng-results ignored="0" total="3" passed="3" failed="0" skipped="0">
  <reporter-output>
  </reporter-output>
  <suite started-at="2024-04-25T14:22:38 IST" name="Surefire suite" finished-at="2024-04-25T14:23:56 IST" duration-ms="78056">
    <groups>
    </groups>
    <test started-at="2024-04-25T14:22:38 IST" name="Surefire test" finished-at="2024-04-25T14:23:56 IST" duration-ms="78056">
      <class name="com.example.AppTest">
        <test-method is-config="true" signature="setup()[pri:0, instance:com.example.AppTest@2ed0fbae]" started-at="2024-04-25T14:22:38 IST" name="setup" finished-at="2024-04-25T14:22:49 IST" duration-ms="11165" status="PASS">
          <reporter-output>
          </reporter-output>
        </test-method> <!-- setup -->
        <test-method is-config="true" signature="login()[pri:0, instance:com.example.AppTest@2ed0fbae]" started-at="2024-04-25T14:22:49 IST" name="login" finished-at="2024-04-25T14:23:01 IST" duration-ms="11662" status="PASS">
          <reporter-output>
          </reporter-output>
        </test-method> <!-- login -->
        <test-method signature="testCase1()[pri:0, instance:com.example.AppTest@2ed0fbae]" started-at="2024-04-25T14:23:01 IST" name="testCase1" finished-at="2024-04-25T14:23:01 IST" duration-ms="13" status="PASS">
          <reporter-output>
          </reporter-output>
        </test-method> <!-- testCase1 -->
        <test-method is-config="true" signature="logout()[pri:0, instance:com.example.AppTest@2ed0fbae]" started-at="2024-04-25T14:23:01 IST" name="logout" finished-at="2024-04-25T14:23:09 IST" duration-ms="8003" status="PASS">
          <reporter-output>
          </reporter-output>
        </test-method> <!-- logout -->
        <test-method is-config="true" signature="login()[pri:0, instance:com.example.AppTest@2ed0fbae]" started-at="2024-04-25T14:23:09 IST" name="login" finished-at="2024-04-25T14:23:16 IST" duration-ms="7248" status="PASS">
          <reporter-output>
          </reporter-output>
        </test-method> <!-- login -->
        <test-method signature="testCase2()[pri:1, instance:com.example.AppTest@2ed0fbae]" started-at="2024-04-25T14:23:16 IST" name="testCase2" finished-at="2024-04-25T14:23:29 IST" duration-ms="13252" status="PASS">
          <reporter-output>
          </reporter-output>
        </test-method> <!-- testCase2 -->
        <test-method is-config="true" signature="logout()[pri:0, instance:com.example.AppTest@2ed0fbae]" started-at="2024-04-25T14:23:29 IST" name="logout" finished-at="2024-04-25T14:23:35 IST" duration-ms="5271" status="PASS">
          <reporter-output>
          </reporter-output>
        </test-method> <!-- logout -->
        <test-method is-config="true" signature="login()[pri:0, instance:com.example.AppTest@2ed0fbae]" started-at="2024-04-25T14:23:35 IST" name="login" finished-at="2024-04-25T14:23:40 IST" duration-ms="5702" status="PASS">
          <reporter-output>
          </reporter-output>
        </test-method> <!-- login -->
        <test-method signature="testCase3()[pri:2, instance:com.example.AppTest@2ed0fbae]" started-at="2024-04-25T14:23:40 IST" name="testCase3" finished-at="2024-04-25T14:23:51 IST" duration-ms="10573" status="PASS">
          <reporter-output>
          </reporter-output>
        </test-method> <!-- testCase3 -->
        <test-method is-config="true" signature="logout()[pri:0, instance:com.example.AppTest@2ed0fbae]" started-at="2024-04-25T14:23:51 IST" name="logout" finished-at="2024-04-25T14:23:56 IST" duration-ms="4738" status="PASS">
          <reporter-output>
          </reporter-output>
        </test-method> <!-- logout -->
        <test-method is-config="true" signature="quitDriver()[pri:0, instance:com.example.AppTest@2ed0fbae]" started-at="2024-04-25T14:23:56 IST" name="quitDriver" finished-at="2024-04-25T14:23:56 IST" duration-ms="352" status="PASS">
          <reporter-output>
          </reporter-output>
        </test-method> <!-- quitDriver -->
      </class> <!-- com.example.AppTest -->
    </test> <!-- Surefire test -->
  </suite> <!-- Surefire suite -->
</testng-results>
